[24Dez.2025 18:25:03.560] [main/INFO] [cpw.mods.modlauncher.Launcher/MODLAUNCHER]: ModLauncher running: args [--launchTarget, forgeclientdev, --version, 21.1.213, --assetIndex, 17, --assetsDir, /Users/Stefan/.gradle/caches/neoformruntime/assets, --gameDir, ., --fml.fmlVersion, 4.0.42, --fml.mcVersion, 1.21.1, --fml.neoForgeVersion, 21.1.213, --fml.neoFormVersion, 20240808.144430]
[24Dez.2025 18:25:03.566] [main/INFO] [cpw.mods.modlauncher.Launcher/MODLAUNCHER]: JVM identified as Eclipse Adoptium OpenJDK 64-Bit Server VM 21.0.9+10-LTS
[24Dez.2025 18:25:03.567] [main/INFO] [cpw.mods.modlauncher.Launcher/MODLAUNCHER]: ModLauncher 11.0.5+main.901c6ea8 starting: java version 21.0.9 by Eclipse Adoptium; OS Mac OS X arch x86_64 version 15.7.2
[24Dez.2025 18:25:03.710] [main/INFO] [net.neoforged.fml.loading.ImmediateWindowHandler/]: Loading ImmediateWindowProvider fmlearlywindow
[24Dez.2025 18:25:04.032] [main/INFO] [EARLYDISPLAY/]: Trying GL version 4.6
[24Dez.2025 18:25:04.125] [main/INFO] [EARLYDISPLAY/]: Trying GL version 4.5
[24Dez.2025 18:25:04.148] [main/INFO] [EARLYDISPLAY/]: Trying GL version 4.4
[24Dez.2025 18:25:04.164] [main/INFO] [EARLYDISPLAY/]: Trying GL version 4.3
[24Dez.2025 18:25:04.182] [main/INFO] [EARLYDISPLAY/]: Trying GL version 4.2
[24Dez.2025 18:25:04.199] [main/INFO] [EARLYDISPLAY/]: Trying GL version 4.1
[24Dez.2025 18:25:04.223] [main/INFO] [EARLYDISPLAY/]: Requested GL version 4.1 got version 4.1
[24Dez.2025 18:25:04.459] [main/INFO] [mixin/]: SpongePowered MIXIN Subsystem Version=0.8.7 Source=union:/Users/Stefan/.gradle/caches/modules-2/files-2.1/net.fabricmc/sponge-mixin/0.15.2+mixin.0.8.7/2af2f021d8e02a0220dc27a7a72b4666d66d44ca/sponge-mixin-0.15.2+mixin.0.8.7.jar%23132!/ Service=ModLauncher Env=CLIENT
[24Dez.2025 18:25:04.888] [pool-2-thread-1/INFO] [EARLYDISPLAY/]: GL info: Intel(R) UHD Graphics 630 GL version 4.1 INTEL-23.7.4, Intel Inc.
[24Dez.2025 18:25:04.895] [main/INFO] [net.neoforged.fml.loading.moddiscovery.locators.JarInJarDependencyLocator/]: Found 2 dependencies adding them to mods collection
[24Dez.2025 18:25:04.897] [main/INFO] [net.neoforged.fml.loading.moddiscovery.ModDiscoverer/]: 
     Mod List:
		Name Version (Mod Id)

		Minecraft 1.21.1 (minecraft)
		NeoForge 21.1.213 (neoforge)
		Stefans Deco 1.0-SNAPSHOT (stefans_deco)
[24Dez.2025 18:25:05.746] [main/INFO] [cpw.mods.modlauncher.LaunchServiceHandler/MODLAUNCHER]: Launching target 'forgeclientdev' with arguments [--version, 21.1.213, --gameDir, ., --assetsDir, /Users/Stefan/.gradle/caches/neoformruntime/assets, --assetIndex, 17]
[24Dez.2025 18:25:07.648] [Datafixer Bootstrap/INFO] [com.mojang.datafixers.DataFixerBuilder/]: 229 Datafixer optimizations took 410 milliseconds
[24Dez.2025 18:25:08.316] [pool-7-thread-1/INFO] [MixinExtras|Service/]: Initializing MixinExtras via com.llamalad7.mixinextras.service.MixinExtrasServiceImpl(version=0.5.0).
[24Dez.2025 18:25:15.136] [main/WARN] [net.minecraft.commands.Commands/]: Ambiguity between arguments [teleport, location] and [teleport, destination] with inputs: [0.1 -0.5 .9, 0 0 0]
[24Dez.2025 18:25:15.137] [main/WARN] [net.minecraft.commands.Commands/]: Ambiguity between arguments [teleport, location] and [teleport, targets] with inputs: [0.1 -0.5 .9, 0 0 0]
[24Dez.2025 18:25:15.140] [main/WARN] [net.minecraft.commands.Commands/]: Ambiguity between arguments [teleport, destination] and [teleport, targets] with inputs: [Player, 0123, @e, dd12be42-52a9-4a91-a8a1-11c01849e498]
[24Dez.2025 18:25:15.142] [main/WARN] [net.minecraft.commands.Commands/]: Ambiguity between arguments [teleport, targets] and [teleport, destination] with inputs: [Player, 0123, dd12be42-52a9-4a91-a8a1-11c01849e498]
[24Dez.2025 18:25:15.143] [main/WARN] [net.minecraft.commands.Commands/]: Ambiguity between arguments [teleport, targets, location] and [teleport, targets, destination] with inputs: [0.1 -0.5 .9, 0 0 0]
[24Dez.2025 18:25:15.257] [Render thread/WARN] [net.minecraft.server.packs.VanillaPackResourcesBuilder/]: Assets URL 'union:/Users/Stefan/Documents/GitHub/stefans_deco/build/moddev/artifacts/neoforge-21.1.213.jar%23184!/assets/.mcassetsroot' uses unexpected schema
[24Dez.2025 18:25:15.257] [Render thread/WARN] [net.minecraft.server.packs.VanillaPackResourcesBuilder/]: Assets URL 'union:/Users/Stefan/Documents/GitHub/stefans_deco/build/moddev/artifacts/neoforge-21.1.213.jar%23184!/data/.mcassetsroot' uses unexpected schema
[24Dez.2025 18:25:15.282] [Render thread/INFO] [com.mojang.authlib.yggdrasil.YggdrasilAuthenticationService/]: Environment: Environment[sessionHost=https://sessionserver.mojang.com, servicesHost=https://api.minecraftservices.com, name=PROD]
[24Dez.2025 18:25:15.292] [Render thread/INFO] [net.minecraft.client.Minecraft/]: Setting user: Dev
[24Dez.2025 18:25:15.385] [Render thread/INFO] [net.minecraft.client.Minecraft/]: Backend library: LWJGL version 3.3.3+5
[24Dez.2025 18:25:16.004] [modloading-worker-0/INFO] [net.neoforged.neoforge.common.NeoForgeMod/NEOFORGE-MOD]: NeoForge mod loading, version 21.1.213, for MC 1.21.1
[24Dez.2025 18:25:17.057] [Render thread/INFO] [net.neoforged.neoforge.gametest.GameTestHooks/]: Enabled Gametest Namespaces: [stefans_deco]
[24Dez.2025 18:25:17.370] [Render thread/INFO] [net.minecraft.server.packs.resources.ReloadableResourceManager/]: Reloading ResourceManager: vanilla, mod_resources, mod/stefans_deco, mod/neoforge
[24Dez.2025 18:25:17.549] [Worker-Main-1/INFO] [net.minecraft.client.gui.font.providers.UnihexProvider/]: Found unifont_all_no_pua-15.1.05.hex, loading
[24Dez.2025 18:25:18.730] [Worker-Main-1/INFO] [net.minecraft.client.gui.font.providers.UnihexProvider/]: Found unifont_jp_patch-15.1.05.hex, loading
[24Dez.2025 18:25:22.201] [Render thread/WARN] [net.minecraft.client.sounds.SoundEngine/]: Missing sound for event: minecraft:item.goat_horn.play
[24Dez.2025 18:25:22.202] [Render thread/WARN] [net.minecraft.client.sounds.SoundEngine/]: Missing sound for event: minecraft:entity.goat.screaming.horn_break
[24Dez.2025 18:25:22.332] [Render thread/INFO] [com.mojang.blaze3d.audio.Library/]: OpenAL initialized on device Mac mini-Lautsprecher
[24Dez.2025 18:25:22.336] [Render thread/INFO] [net.minecraft.client.sounds.SoundEngine/SOUNDS]: Sound engine started
[24Dez.2025 18:25:22.489] [Render thread/INFO] [net.minecraft.client.renderer.texture.TextureAtlas/]: Created: 1024x512x4 minecraft:textures/atlas/blocks.png-atlas
[24Dez.2025 18:25:22.502] [Render thread/INFO] [net.minecraft.client.renderer.texture.TextureAtlas/]: Created: 256x256x4 minecraft:textures/atlas/signs.png-atlas
[24Dez.2025 18:25:22.503] [Render thread/INFO] [net.minecraft.client.renderer.texture.TextureAtlas/]: Created: 512x512x4 minecraft:textures/atlas/shield_patterns.png-atlas
[24Dez.2025 18:25:22.505] [Render thread/INFO] [net.minecraft.client.renderer.texture.TextureAtlas/]: Created: 512x512x4 minecraft:textures/atlas/banner_patterns.png-atlas
[24Dez.2025 18:25:22.506] [Render thread/INFO] [net.minecraft.client.renderer.texture.TextureAtlas/]: Created: 1024x1024x4 minecraft:textures/atlas/armor_trims.png-atlas
[24Dez.2025 18:25:22.512] [Render thread/INFO] [net.minecraft.client.renderer.texture.TextureAtlas/]: Created: 128x64x4 minecraft:textures/atlas/decorated_pot.png-atlas
[24Dez.2025 18:25:22.512] [Render thread/INFO] [net.minecraft.client.renderer.texture.TextureAtlas/]: Created: 256x256x4 minecraft:textures/atlas/chest.png-atlas
[24Dez.2025 18:25:22.513] [Render thread/INFO] [net.minecraft.client.renderer.texture.TextureAtlas/]: Created: 512x256x4 minecraft:textures/atlas/shulker_boxes.png-atlas
[24Dez.2025 18:25:22.513] [Render thread/INFO] [net.minecraft.client.renderer.texture.TextureAtlas/]: Created: 512x256x4 minecraft:textures/atlas/beds.png-atlas
[24Dez.2025 18:25:22.721] [Render thread/INFO] [net.minecraft.client.renderer.texture.TextureAtlas/]: Created: 512x256x0 minecraft:textures/atlas/particles.png-atlas
[24Dez.2025 18:25:22.722] [Render thread/INFO] [net.minecraft.client.renderer.texture.TextureAtlas/]: Created: 512x256x0 minecraft:textures/atlas/paintings.png-atlas
[24Dez.2025 18:25:22.723] [Render thread/INFO] [net.minecraft.client.renderer.texture.TextureAtlas/]: Created: 256x128x0 minecraft:textures/atlas/mob_effects.png-atlas
[24Dez.2025 18:25:22.723] [Render thread/INFO] [net.minecraft.client.renderer.texture.TextureAtlas/]: Created: 64x64x0 minecraft:textures/atlas/map_decorations.png-atlas
[24Dez.2025 18:25:22.724] [Render thread/INFO] [net.minecraft.client.renderer.texture.TextureAtlas/]: Created: 1024x512x0 minecraft:textures/atlas/gui.png-atlas
[24Dez.2025 18:25:22.818] [Render thread/WARN] [net.minecraft.client.renderer.ShaderInstance/]: Shader rendertype_entity_translucent_emissive could not find sampler named Sampler2 in the specified shader program.
[24Dez.2025 18:25:23.026] [Render thread/INFO] [net.neoforged.neoforge.client.entity.animation.json.AnimationLoader/]: Loaded 0 entity animations
[24Dez.2025 18:25:27.139] [Render thread/INFO] [net.minecraft.world.item.crafting.RecipeManager/]: Loaded 1290 recipes
[24Dez.2025 18:25:27.375] [Render thread/INFO] [net.minecraft.advancements.AdvancementTree/]: Loaded 1399 advancements
[24Dez.2025 18:25:27.976] [Server thread/INFO] [net.minecraft.client.server.IntegratedServer/]: Starting integrated minecraft server version 1.21.1
[24Dez.2025 18:25:27.976] [Server thread/INFO] [net.minecraft.server.MinecraftServer/]: Generating keypair
[24Dez.2025 18:25:28.534] [Server thread/INFO] [net.minecraft.server.MinecraftServer/]: Preparing start region for dimension minecraft:overworld
[24Dez.2025 18:25:29.137] [progressListener/INFO] [net.minecraft.server.level.progress.LoggerChunkProgressListener/]: Preparing spawn area: 0%
[24Dez.2025 18:25:29.137] [progressListener/INFO] [net.minecraft.server.level.progress.LoggerChunkProgressListener/]: Preparing spawn area: 0%
[24Dez.2025 18:25:29.377] [Server thread/INFO] [net.neoforged.neoforge.server.permission.PermissionAPI/]: Successfully initialized permission handler neoforge:default_handler
[24Dez.2025 18:25:29.386] [progressListener/INFO] [net.minecraft.server.level.progress.LoggerChunkProgressListener/]: Time elapsed: 844 ms
[24Dez.2025 18:25:29.613] [Server thread/INFO] [net.minecraft.client.server.IntegratedServer/]: Changing view distance to 12, from 10
[24Dez.2025 18:25:29.613] [Server thread/INFO] [net.minecraft.client.server.IntegratedServer/]: Changing simulation distance to 12, from 0
[24Dez.2025 18:25:30.692] [Server thread/INFO] [net.minecraft.server.players.PlayerList/]: Dev[local:E:5694571c] logged in with entity id 3 at (-0.8737371602827514, 56.0, 11.167921613082557)
[24Dez.2025 18:25:31.052] [Server thread/INFO] [net.minecraft.server.MinecraftServer/]: Dev joined the game
[24Dez.2025 18:25:31.453] [Render thread/INFO] [net.minecraft.advancements.AdvancementTree/]: Loaded 24 advancements
[24Dez.2025 18:26:41.494] [Server thread/INFO] [net.minecraft.client.server.IntegratedServer/]: Saving and pausing game...
[24Dez.2025 18:26:41.523] [Server thread/INFO] [net.minecraft.server.MinecraftServer/]: Saving chunks for level 'ServerLevel[Testwelt]'/minecraft:overworld
[24Dez.2025 18:26:41.543] [Server thread/INFO] [net.minecraft.server.MinecraftServer/]: Saving chunks for level 'ServerLevel[Testwelt]'/minecraft:the_nether
[24Dez.2025 18:26:41.551] [Server thread/INFO] [net.minecraft.server.MinecraftServer/]: Saving chunks for level 'ServerLevel[Testwelt]'/minecraft:the_end
[24Dez.2025 18:26:42.158] [Server thread/INFO] [net.minecraft.server.network.ServerGamePacketListenerImpl/]: Dev lost connection: Disconnected
[24Dez.2025 18:26:42.161] [Server thread/INFO] [net.minecraft.server.MinecraftServer/]: Dev left the game
[24Dez.2025 18:26:42.174] [Server thread/INFO] [net.minecraft.server.network.ServerCommonPacketListenerImpl/]: Stopping singleplayer server as player logged out
[24Dez.2025 18:26:42.202] [Server thread/INFO] [net.minecraft.server.MinecraftServer/]: Stopping server
[24Dez.2025 18:26:42.204] [Server thread/INFO] [net.minecraft.server.MinecraftServer/]: Saving players
[24Dez.2025 18:26:42.204] [Server thread/INFO] [net.minecraft.server.MinecraftServer/]: Saving worlds
[24Dez.2025 18:26:42.526] [Server thread/INFO] [net.minecraft.server.MinecraftServer/]: Saving chunks for level 'ServerLevel[Testwelt]'/minecraft:overworld
[24Dez.2025 18:26:42.771] [Server thread/INFO] [net.minecraft.server.MinecraftServer/]: Saving chunks for level 'ServerLevel[Testwelt]'/minecraft:the_nether
[24Dez.2025 18:26:42.797] [Server thread/INFO] [net.minecraft.server.MinecraftServer/]: Saving chunks for level 'ServerLevel[Testwelt]'/minecraft:the_end
[24Dez.2025 18:26:42.824] [Server thread/INFO] [net.minecraft.server.MinecraftServer/]: ThreadedAnvilChunkStorage (Testwelt): All chunks are saved
[24Dez.2025 18:26:42.824] [Server thread/INFO] [net.minecraft.server.MinecraftServer/]: ThreadedAnvilChunkStorage (DIM-1): All chunks are saved
[24Dez.2025 18:26:42.824] [Server thread/INFO] [net.minecraft.server.MinecraftServer/]: ThreadedAnvilChunkStorage (DIM1): All chunks are saved
[24Dez.2025 18:26:42.825] [Server thread/INFO] [net.minecraft.server.MinecraftServer/]: ThreadedAnvilChunkStorage: All dimensions are saved
[24Dez.2025 18:26:46.620] [Render thread/INFO] [net.minecraft.client.Minecraft/]: Stopping!
